<?xml version="1.0" encoding="UTF-8" ?>
<testsuite errors="0" failures="21" hostname="blacktux" name="persistenciaBD.ReservaTest" tests="21" time="0.188" timestamp="2008-05-18T19:03:26">
  <properties>
[...]
</properties>
  <testcase classname="persistenciaBD.ReservaTest" name="getCodReserva" time="0.016">
    <failure message="expected:&lt;&gt; but was:&lt;null&gt;" type="junit.framework.AssertionFailedError">junit.framework.AssertionFailedError: expected:&lt;&gt; but was:&lt;null&gt;
	at persistenciaBD.ReservaTest.getCodReserva(ReservaTest.java:51)
</failure>
  </testcase>
  <testcase classname="persistenciaBD.ReservaTest" name="setCodReserva" time="0.0">
    <failure message="The test case is a prototype." type="junit.framework.AssertionFailedError">junit.framework.AssertionFailedError: The test case is a prototype.
	at persistenciaBD.ReservaTest.setCodReserva(ReservaTest.java:66)
</failure>
  </testcase>
  <testcase classname="persistenciaBD.ReservaTest" name="getFecha" time="0.0">
    <failure message="The test case is a prototype." type="junit.framework.AssertionFailedError">junit.framework.AssertionFailedError: The test case is a prototype.
	at persistenciaBD.ReservaTest.getFecha(ReservaTest.java:80)
</failure>
  </testcase>
  <testcase classname="persistenciaBD.ReservaTest" name="setFecha" time="0.016">
    <failure message="The test case is a prototype." type="junit.framework.AssertionFailedError">junit.framework.AssertionFailedError: The test case is a prototype.
	at persistenciaBD.ReservaTest.setFecha(ReservaTest.java:93)
</failure>
  </testcase>
  <testcase classname="persistenciaBD.ReservaTest" name="getPendiente" time="0.0">
    <failure message="The test case is a prototype." type="junit.framework.AssertionFailedError">junit.framework.AssertionFailedError: The test case is a prototype.
	at persistenciaBD.ReservaTest.getPendiente(ReservaTest.java:107)
</failure>
  </testcase>
  <testcase classname="persistenciaBD.ReservaTest" name="setPendiente" time="0.015">
    <failure message="The test case is a prototype." type="junit.framework.AssertionFailedError">junit.framework.AssertionFailedError: The test case is a prototype.
	at persistenciaBD.ReservaTest.setPendiente(ReservaTest.java:120)
</failure>
  </testcase>
  <testcase classname="persistenciaBD.ReservaTest" name="getIva" time="0.0">
    <failure message="The test case is a prototype." type="junit.framework.AssertionFailedError">junit.framework.AssertionFailedError: The test case is a prototype.
	at persistenciaBD.ReservaTest.getIva(ReservaTest.java:134)
</failure>
  </testcase>
  <testcase classname="persistenciaBD.ReservaTest" name="setIva" time="0.0">
    <failure message="The test case is a prototype." type="junit.framework.AssertionFailedError">junit.framework.AssertionFailedError: The test case is a prototype.
	at persistenciaBD.ReservaTest.setIva(ReservaTest.java:147)
</failure>
  </testcase>
  <testcase classname="persistenciaBD.ReservaTest" name="getRecargo" time="0.0">
    <failure message="The test case is a prototype." type="junit.framework.AssertionFailedError">junit.framework.AssertionFailedError: The test case is a prototype.
	at persistenciaBD.ReservaTest.getRecargo(ReservaTest.java:161)
</failure>
  </testcase>
  <testcase classname="persistenciaBD.ReservaTest" name="setRecargo" time="0.0">
    <failure message="The test case is a prototype." type="junit.framework.AssertionFailedError">junit.framework.AssertionFailedError: The test case is a prototype.
	at persistenciaBD.ReservaTest.setRecargo(ReservaTest.java:174)
</failure>
  </testcase>
  <testcase classname="persistenciaBD.ReservaTest" name="setTotal" time="0.0">
    <failure message="The test case is a prototype." type="junit.framework.AssertionFailedError">junit.framework.AssertionFailedError: The test case is a prototype.
	at persistenciaBD.ReservaTest.setTotal(ReservaTest.java:201)
</failure>
  </testcase>
  <testcase classname="persistenciaBD.ReservaTest" name="getLineaReservaCollection" time="0.016">
    <failure message="The test case is a prototype." type="junit.framework.AssertionFailedError">junit.framework.AssertionFailedError: The test case is a prototype.
	at persistenciaBD.ReservaTest.getLineaReservaCollection(ReservaTest.java:215)
</failure>
  </testcase>
  <testcase classname="persistenciaBD.ReservaTest" name="setLineaReservaCollection" time="0.0">
    <failure message="The test case is a prototype." type="junit.framework.AssertionFailedError">junit.framework.AssertionFailedError: The test case is a prototype.
	at persistenciaBD.ReservaTest.setLineaReservaCollection(ReservaTest.java:228)
</failure>
  </testcase>
  <testcase classname="persistenciaBD.ReservaTest" name="getPedidoCollection" time="0.0">
    <failure message="The test case is a prototype." type="junit.framework.AssertionFailedError">junit.framework.AssertionFailedError: The test case is a prototype.
	at persistenciaBD.ReservaTest.getPedidoCollection(ReservaTest.java:242)
</failure>
  </testcase>
  <testcase classname="persistenciaBD.ReservaTest" name="setPedidoCollection" time="0.015">
    <failure message="The test case is a prototype." type="junit.framework.AssertionFailedError">junit.framework.AssertionFailedError: The test case is a prototype.
	at persistenciaBD.ReservaTest.setPedidoCollection(ReservaTest.java:255)
</failure>
  </testcase>
  <testcase classname="persistenciaBD.ReservaTest" name="getCodCliente" time="0.0">
    <failure message="The test case is a prototype." type="junit.framework.AssertionFailedError">junit.framework.AssertionFailedError: The test case is a prototype.
	at persistenciaBD.ReservaTest.getCodCliente(ReservaTest.java:269)
</failure>
  </testcase>
  <testcase classname="persistenciaBD.ReservaTest" name="setCodCliente" time="0.0">
    <failure message="The test case is a prototype." type="junit.framework.AssertionFailedError">junit.framework.AssertionFailedError: The test case is a prototype.
	at persistenciaBD.ReservaTest.setCodCliente(ReservaTest.java:282)
</failure>
  </testcase>
  <testcase classname="persistenciaBD.ReservaTest" name="getCodEmpleado" time="0.016">
    <failure message="The test case is a prototype." type="junit.framework.AssertionFailedError">junit.framework.AssertionFailedError: The test case is a prototype.
	at persistenciaBD.ReservaTest.getCodEmpleado(ReservaTest.java:296)
</failure>
  </testcase>
  <testcase classname="persistenciaBD.ReservaTest" name="setCodEmpleado" time="0.0">
    <failure message="The test case is a prototype." type="junit.framework.AssertionFailedError">junit.framework.AssertionFailedError: The test case is a prototype.
	at persistenciaBD.ReservaTest.setCodEmpleado(ReservaTest.java:309)
</failure>
  </testcase>
  <testcase classname="persistenciaBD.ReservaTest" name="equals" time="0.0">
    <failure message="The test case is a prototype." type="junit.framework.AssertionFailedError">junit.framework.AssertionFailedError: The test case is a prototype.
	at persistenciaBD.ReservaTest.equals(ReservaTest.java:324)
</failure>
  </testcase>
  <testcase classname="persistenciaBD.ReservaTest" name="getTotal" time="0.0">
    <failure message="The test case is a prototype." type="junit.framework.AssertionFailedError">junit.framework.AssertionFailedError: The test case is a prototype.
	at persistenciaBD.ReservaTest.getTotal(ReservaTest.java:188)
</failure>
  </testcase>
  <system-out><![CDATA[getCodReserva
setCodReserva
getFecha
setFecha
getPendiente
setPendiente
getIva
setIva
getRecargo
setRecargo
setTotal
getLineaReservaCollection
setLineaReservaCollection
getPedidoCollection
setPedidoCollection
getCodCliente
setCodCliente
getCodEmpleado
setCodEmpleado
equals
getTotal
]]></system-out>
  <system-err><![CDATA[]]></system-err>
</testsuite>
